[debug] [2021-04-26T15:58:24.804Z] ----------------------------------------------------------------------
[debug] [2021-04-26T15:58:24.808Z] Command:       C:\Program Files\nodejs\node.exe C:\Users\RAPHAEL\AppData\Roaming\npm\node_modules\firebase-tools\lib\bin\firebase.js init
[debug] [2021-04-26T15:58:24.809Z] CLI Version:   9.10.0
[debug] [2021-04-26T15:58:24.809Z] Platform:      win32
[debug] [2021-04-26T15:58:24.809Z] Node Version:  v12.18.3
[debug] [2021-04-26T15:58:24.812Z] Time:          Mon Apr 26 2021 18:58:24 GMT+0300 (East Africa Time)
[debug] [2021-04-26T15:58:24.812Z] ----------------------------------------------------------------------
[debug] 
[debug] [2021-04-26T15:58:24.828Z] > command requires scopes: ["email","openid","https://www.googleapis.com/auth/cloudplatformprojects.readonly","https://www.googleapis.com/auth/firebase","https://www.googleapis.com/auth/cloud-platform"]
[debug] [2021-04-26T15:58:24.828Z] > authorizing via signed-in user (nkibi53@gmail.com)
[info] 
     ######## #### ########  ######## ########     ###     ######  ########
     ##        ##  ##     ## ##       ##     ##  ##   ##  ##       ##
     ######    ##  ########  ######   ########  #########  ######  ######
     ##        ##  ##    ##  ##       ##     ## ##     ##       ## ##
     ##       #### ##     ## ######## ########  ##     ##  ######  ########

You're about to initialize a Firebase project in this directory:

  C:\Users\RAPHAEL\AndroidStudioProjects\My-Campus-App

Before we get started, keep in mind:

  * You are initializing in an existing Firebase project directory

[info] 
=== Project Setup
[info] 
[info] First, let's associate this project directory with a Firebase project.
[info] You can create multiple project aliases by running firebase use --add, 
[info] but for now we'll just set up a default project.
[info] 
[info] i  .firebaserc already has a default project, using my-campus-app-15076. 
[debug] [2021-04-26T15:58:32.303Z] > refreshing access token with scopes: []
[debug] [2021-04-26T15:58:32.304Z] >>> HTTP REQUEST POST https://www.googleapis.com/oauth2/v3/token  
 <request body omitted>
[debug] [2021-04-26T15:58:33.075Z] <<< HTTP RESPONSE 200 {"expires":"Mon, 01 Jan 1990 00:00:00 GMT","date":"Mon, 26 Apr 2021 15:58:31 GMT","cache-control":"no-cache, no-store, max-age=0, must-revalidate","pragma":"no-cache","content-type":"application/json; charset=utf-8","vary":"X-Origin, Referer, Origin,Accept-Encoding","server":"scaffolding on HTTPServer2","x-xss-protection":"0","x-frame-options":"SAMEORIGIN","x-content-type-options":"nosniff","alt-svc":"h3-29=\":443\"; ma=2592000,h3-T051=\":443\"; ma=2592000,h3-Q050=\":443\"; ma=2592000,h3-Q046=\":443\"; ma=2592000,h3-Q043=\":443\"; ma=2592000,quic=\":443\"; ma=2592000; v=\"46,43\"","accept-ranges":"none","transfer-encoding":"chunked"}
[debug] [2021-04-26T15:58:33.099Z] >>> [apiv2][query] GET https://firebase.googleapis.com/v1beta1/projects/my-campus-app-15076 [none]
[debug] [2021-04-26T15:58:33.796Z] <<< [apiv2][status] GET https://firebase.googleapis.com/v1beta1/projects/my-campus-app-15076 200
[debug] [2021-04-26T15:58:33.797Z] <<< [apiv2][body] GET https://firebase.googleapis.com/v1beta1/projects/my-campus-app-15076 {"projectId":"my-campus-app-15076","projectNumber":"553699551392","displayName":"My Campus App","name":"projects/my-campus-app-15076","resources":{"hostingSite":"my-campus-app-15076","realtimeDatabaseInstance":"my-campus-app-15076","storageBucket":"my-campus-app-15076.appspot.com","locationId":"us-central"},"state":"ACTIVE"}
[info] 
=== Functions Setup
[info] 
[info] A functions directory will be created in your project with a Node.js
[info] package pre-configured. Functions can be deployed with firebase deploy.
[info] 
[debug] [2021-04-26T15:58:33.804Z] > command requires scopes: ["email","openid","https://www.googleapis.com/auth/cloudplatformprojects.readonly","https://www.googleapis.com/auth/firebase","https://www.googleapis.com/auth/cloud-platform"]
[debug] [2021-04-26T15:58:33.804Z] > authorizing via signed-in user (nkibi53@gmail.com)
[debug] [2021-04-26T15:58:33.804Z] [iam] checking project my-campus-app-15076 for permissions ["firebase.projects.get"]
[debug] [2021-04-26T15:58:33.805Z] > refreshing access token with scopes: ["email","https://www.googleapis.com/auth/cloud-platform","https://www.googleapis.com/auth/cloudplatformprojects.readonly","https://www.googleapis.com/auth/firebase","openid"]
[debug] [2021-04-26T15:58:33.805Z] >>> HTTP REQUEST POST https://www.googleapis.com/oauth2/v3/token  
 <request body omitted>
[debug] [2021-04-26T15:58:34.442Z] <<< HTTP RESPONSE 200 {"expires":"Mon, 01 Jan 1990 00:00:00 GMT","date":"Mon, 26 Apr 2021 15:58:32 GMT","cache-control":"no-cache, no-store, max-age=0, must-revalidate","pragma":"no-cache","content-type":"application/json; charset=utf-8","vary":"X-Origin, Referer, Origin,Accept-Encoding","server":"scaffolding on HTTPServer2","x-xss-protection":"0","x-frame-options":"SAMEORIGIN","x-content-type-options":"nosniff","alt-svc":"h3-29=\":443\"; ma=2592000,h3-T051=\":443\"; ma=2592000,h3-Q050=\":443\"; ma=2592000,h3-Q046=\":443\"; ma=2592000,h3-Q043=\":443\"; ma=2592000,quic=\":443\"; ma=2592000; v=\"46,43\"","accept-ranges":"none","transfer-encoding":"chunked"}
[debug] [2021-04-26T15:58:34.462Z] >>> HTTP REQUEST POST https://cloudresourcemanager.googleapis.com/v1/projects/my-campus-app-15076:testIamPermissions  
 {"permissions":["firebase.projects.get"]}
[debug] [2021-04-26T15:58:36.758Z] <<< HTTP RESPONSE 200 {"content-type":"application/json; charset=UTF-8","vary":"X-Origin, Referer, Origin,Accept-Encoding","date":"Mon, 26 Apr 2021 15:58:35 GMT","server":"ESF","cache-control":"private","x-xss-protection":"0","x-frame-options":"SAMEORIGIN","x-content-type-options":"nosniff","server-timing":"gfet4t7; dur=1514","alt-svc":"h3-29=\":443\"; ma=2592000,h3-T051=\":443\"; ma=2592000,h3-Q050=\":443\"; ma=2592000,h3-Q046=\":443\"; ma=2592000,h3-Q043=\":443\"; ma=2592000,quic=\":443\"; ma=2592000; v=\"46,43\"","accept-ranges":"none","transfer-encoding":"chunked"}
[debug] [2021-04-26T15:58:36.760Z] >>> HTTP REQUEST POST https://serviceusage.googleapis.com/v1/projects/my-campus-app-15076/services/cloudfunctions.googleapis.com:enable  
 
[debug] [2021-04-26T15:58:36.760Z] >>> HTTP REQUEST POST https://serviceusage.googleapis.com/v1/projects/my-campus-app-15076/services/runtimeconfig.googleapis.com:enable  
 
[debug] [2021-04-26T15:58:38.468Z] <<< HTTP RESPONSE 200 {"content-type":"application/json; charset=UTF-8","vary":"X-Origin, Referer, Origin,Accept-Encoding","date":"Mon, 26 Apr 2021 15:58:36 GMT","server":"ESF","cache-control":"private","x-xss-protection":"0","x-frame-options":"SAMEORIGIN","x-content-type-options":"nosniff","alt-svc":"h3-29=\":443\"; ma=2592000,h3-T051=\":443\"; ma=2592000,h3-Q050=\":443\"; ma=2592000,h3-Q046=\":443\"; ma=2592000,h3-Q043=\":443\"; ma=2592000,quic=\":443\"; ma=2592000; v=\"46,43\"","accept-ranges":"none","transfer-encoding":"chunked"}
[debug] [2021-04-26T15:58:38.848Z] <<< HTTP RESPONSE 200 {"content-type":"application/json; charset=UTF-8","vary":"X-Origin, Referer, Origin,Accept-Encoding","date":"Mon, 26 Apr 2021 15:58:37 GMT","server":"ESF","cache-control":"private","x-xss-protection":"0","x-frame-options":"SAMEORIGIN","x-content-type-options":"nosniff","alt-svc":"h3-29=\":443\"; ma=2592000,h3-T051=\":443\"; ma=2592000,h3-Q050=\":443\"; ma=2592000,h3-Q046=\":443\"; ma=2592000,h3-Q043=\":443\"; ma=2592000,quic=\":443\"; ma=2592000; v=\"46,43\"","accept-ranges":"none","transfer-encoding":"chunked"}
